
*** Running vivado
    with args -log data_memory.vds -m64 -product Vivado -mode batch -messageDb vivado.pb -notrace -source data_memory.tcl



****** Vivado v2020.1 (64-bit)
  **** SW Build 2902540 on Wed May 27 19:54:49 MDT 2020
  **** IP Build 2902112 on Wed May 27 22:43:36 MDT 2020
    ** Copyright 1986-2020 Xilinx, Inc. All Rights Reserved.

source data_memory.tcl -notrace
Command: synth_design -top data_memory -part xc7a100tcsg324-1
Starting synth_design
Attempting to get a license for feature 'Synthesis' and/or device 'xc7a100t'
INFO: [Common 17-349] Got license for feature 'Synthesis' and/or device 'xc7a100t'
INFO: [Synth 8-7079] Multithreading enabled for synth_design using a maximum of 2 processes.
INFO: [Synth 8-7078] Launching helper process for spawning children vivado processes
INFO: [Synth 8-7075] Helper process launched with PID 13812
---------------------------------------------------------------------------------
Starting Synthesize : Time (s): cpu = 00:00:11 ; elapsed = 00:00:13 . Memory (MB): peak = 1026.082 ; gain = 0.000
---------------------------------------------------------------------------------
INFO: [Synth 8-638] synthesizing module 'data_memory' [C:/Users/ERNESTO/Documents/DANIEL/IPN/ESCOM/Quinto_Semestre/ARQUI/Memoria_de_datos/Memoria_de_datos.srcs/sources_1/new/data_memory.vhd:15]
	Parameter n bound to: 16 - type: integer 
INFO: [Synth 8-256] done synthesizing module 'data_memory' (1#1) [C:/Users/ERNESTO/Documents/DANIEL/IPN/ESCOM/Quinto_Semestre/ARQUI/Memoria_de_datos/Memoria_de_datos.srcs/sources_1/new/data_memory.vhd:15]
---------------------------------------------------------------------------------
Finished Synthesize : Time (s): cpu = 00:00:14 ; elapsed = 00:00:16 . Memory (MB): peak = 1026.082 ; gain = 0.000
---------------------------------------------------------------------------------
---------------------------------------------------------------------------------
Finished Constraint Validation : Time (s): cpu = 00:00:15 ; elapsed = 00:00:17 . Memory (MB): peak = 1026.082 ; gain = 0.000
---------------------------------------------------------------------------------
---------------------------------------------------------------------------------
Start Loading Part and Timing Information
---------------------------------------------------------------------------------
Loading part: xc7a100tcsg324-1
---------------------------------------------------------------------------------
Finished Loading Part and Timing Information : Time (s): cpu = 00:00:15 ; elapsed = 00:00:17 . Memory (MB): peak = 1026.082 ; gain = 0.000
---------------------------------------------------------------------------------
INFO: [Device 21-403] Loading part xc7a100tcsg324-1
---------------------------------------------------------------------------------
Finished RTL Optimization Phase 2 : Time (s): cpu = 00:00:15 ; elapsed = 00:00:17 . Memory (MB): peak = 1026.082 ; gain = 0.000
---------------------------------------------------------------------------------
No constraint files found.
---------------------------------------------------------------------------------
Start RTL Component Statistics 
---------------------------------------------------------------------------------
Detailed RTL Component Info : 
---------------------------------------------------------------------------------
Finished RTL Component Statistics 
---------------------------------------------------------------------------------
---------------------------------------------------------------------------------
Start Part Resource Summary
---------------------------------------------------------------------------------
Part Resources:
DSPs: 240 (col length:80)
BRAMs: 270 (col length: RAMB18 80 RAMB36 40)
---------------------------------------------------------------------------------
Finished Part Resource Summary
---------------------------------------------------------------------------------
No constraint files found.
---------------------------------------------------------------------------------
Start Cross Boundary and Area Optimization
---------------------------------------------------------------------------------
---------------------------------------------------------------------------------
Finished Cross Boundary and Area Optimization : Time (s): cpu = 00:00:57 ; elapsed = 00:01:05 . Memory (MB): peak = 1031.414 ; gain = 5.332
---------------------------------------------------------------------------------
---------------------------------------------------------------------------------
Start ROM, RAM, DSP and Shift Register Reporting
---------------------------------------------------------------------------------

Distributed RAM: Preliminary Mapping	Report (see note below)
+------------+------------+-----------+----------------------+--------------------------------+
|Module Name | RTL Object | Inference | Size (Depth x Width) | Primitives                     | 
+------------+------------+-----------+----------------------+--------------------------------+
|data_memory | memory_reg | Implied   | 64 K x 16            | RAM64X1D x 1024	RAM64M x 5120	 | 
+------------+------------+-----------+----------------------+--------------------------------+

Note: The table above is a preliminary report that shows the Distributed RAMs at the current stage of the synthesis flow. Some Distributed RAMs may be reimplemented as non Distributed RAM primitives later in the synthesis flow. Multiple instantiated RAMs are reported only once.
---------------------------------------------------------------------------------
Finished ROM, RAM, DSP and Shift Register Reporting
---------------------------------------------------------------------------------
No constraint files found.
---------------------------------------------------------------------------------
Start Timing Optimization
---------------------------------------------------------------------------------
---------------------------------------------------------------------------------
Finished Timing Optimization : Time (s): cpu = 00:01:02 ; elapsed = 00:01:10 . Memory (MB): peak = 1031.414 ; gain = 5.332
---------------------------------------------------------------------------------
---------------------------------------------------------------------------------
Start ROM, RAM, DSP and Shift Register Reporting
---------------------------------------------------------------------------------

Distributed RAM: Final Mapping	Report
+------------+------------+-----------+----------------------+--------------------------------+
|Module Name | RTL Object | Inference | Size (Depth x Width) | Primitives                     | 
+------------+------------+-----------+----------------------+--------------------------------+
|data_memory | memory_reg | Implied   | 64 K x 16            | RAM64X1D x 1024	RAM64M x 5120	 | 
+------------+------------+-----------+----------------------+--------------------------------+

---------------------------------------------------------------------------------
Finished ROM, RAM, DSP and Shift Register Reporting
---------------------------------------------------------------------------------
---------------------------------------------------------------------------------
Start Technology Mapping
---------------------------------------------------------------------------------
---------------------------------------------------------------------------------
Finished Technology Mapping : Time (s): cpu = 00:01:15 ; elapsed = 00:01:24 . Memory (MB): peak = 1108.586 ; gain = 82.504
---------------------------------------------------------------------------------
---------------------------------------------------------------------------------
Start IO Insertion
---------------------------------------------------------------------------------
---------------------------------------------------------------------------------
Start Flattening Before IO Insertion
---------------------------------------------------------------------------------
---------------------------------------------------------------------------------
Finished Flattening Before IO Insertion
---------------------------------------------------------------------------------
---------------------------------------------------------------------------------
Start Final Netlist Cleanup
---------------------------------------------------------------------------------
---------------------------------------------------------------------------------
Finished Final Netlist Cleanup
---------------------------------------------------------------------------------
---------------------------------------------------------------------------------
Finished IO Insertion : Time (s): cpu = 00:01:31 ; elapsed = 00:01:41 . Memory (MB): peak = 1108.586 ; gain = 82.504
---------------------------------------------------------------------------------
---------------------------------------------------------------------------------
Start Renaming Generated Instances
---------------------------------------------------------------------------------
---------------------------------------------------------------------------------
Finished Renaming Generated Instances : Time (s): cpu = 00:01:31 ; elapsed = 00:01:41 . Memory (MB): peak = 1108.586 ; gain = 82.504
---------------------------------------------------------------------------------
---------------------------------------------------------------------------------
Start Rebuilding User Hierarchy
---------------------------------------------------------------------------------
---------------------------------------------------------------------------------
Finished Rebuilding User Hierarchy : Time (s): cpu = 00:01:32 ; elapsed = 00:01:42 . Memory (MB): peak = 1108.586 ; gain = 82.504
---------------------------------------------------------------------------------
---------------------------------------------------------------------------------
Start Renaming Generated Ports
---------------------------------------------------------------------------------
---------------------------------------------------------------------------------
Finished Renaming Generated Ports : Time (s): cpu = 00:01:32 ; elapsed = 00:01:42 . Memory (MB): peak = 1108.586 ; gain = 82.504
---------------------------------------------------------------------------------
---------------------------------------------------------------------------------
Start Handling Custom Attributes
---------------------------------------------------------------------------------
---------------------------------------------------------------------------------
Finished Handling Custom Attributes : Time (s): cpu = 00:01:32 ; elapsed = 00:01:43 . Memory (MB): peak = 1108.586 ; gain = 82.504
---------------------------------------------------------------------------------
---------------------------------------------------------------------------------
Start Renaming Generated Nets
---------------------------------------------------------------------------------
---------------------------------------------------------------------------------
Finished Renaming Generated Nets : Time (s): cpu = 00:01:33 ; elapsed = 00:01:43 . Memory (MB): peak = 1108.586 ; gain = 82.504
---------------------------------------------------------------------------------
---------------------------------------------------------------------------------
Start Writing Synthesis Report
---------------------------------------------------------------------------------

Report BlackBoxes: 
+-+--------------+----------+
| |BlackBox name |Instances |
+-+--------------+----------+
+-+--------------+----------+

Report Cell Usage: 
+------+---------+------+
|      |Cell     |Count |
+------+---------+------+
|1     |BUFG     |     1|
|2     |LUT2     |    82|
|3     |LUT3     |   173|
|4     |LUT4     |  6216|
|5     |LUT5     |  1554|
|6     |LUT6     |  8958|
|7     |MUXF7    |  2176|
|8     |MUXF8    |  1088|
|9     |RAM64M   |  5120|
|10    |RAM64X1D |  1024|
|11    |IBUF     |    50|
|12    |OBUF     |    16|
+------+---------+------+

Report Instance Areas: 
+------+---------+-------+------+
|      |Instance |Module |Cells |
+------+---------+-------+------+
|1     |top      |       | 26458|
+------+---------+-------+------+
---------------------------------------------------------------------------------
Finished Writing Synthesis Report : Time (s): cpu = 00:01:33 ; elapsed = 00:01:43 . Memory (MB): peak = 1108.586 ; gain = 82.504
---------------------------------------------------------------------------------
Synthesis finished with 0 errors, 0 critical warnings and 0 warnings.
Synthesis Optimization Runtime : Time (s): cpu = 00:01:33 ; elapsed = 00:01:43 . Memory (MB): peak = 1108.586 ; gain = 82.504
Synthesis Optimization Complete : Time (s): cpu = 00:01:33 ; elapsed = 00:01:43 . Memory (MB): peak = 1108.586 ; gain = 82.504
INFO: [Project 1-571] Translating synthesized netlist
Netlist sorting complete. Time (s): cpu = 00:00:02 ; elapsed = 00:00:02 . Memory (MB): peak = 1108.586 ; gain = 0.000
INFO: [Netlist 29-17] Analyzing 9408 Unisim elements for replacement
INFO: [Netlist 29-28] Unisim Transformation completed in 15 CPU seconds
WARNING: [Netlist 29-101] Netlist 'data_memory' is not ideal for floorplanning, since the cellview 'data_memory' contains a large number of primitives.  Please consider enabling hierarchy in synthesis if you want to do floorplanning.
INFO: [Project 1-570] Preparing netlist for logic optimization
INFO: [Opt 31-138] Pushed 0 inverter(s) to 0 load pin(s).
Netlist sorting complete. Time (s): cpu = 00:00:01 ; elapsed = 00:00:00.091 . Memory (MB): peak = 1147.453 ; gain = 0.000
INFO: [Project 1-111] Unisim Transformation Summary:
  A total of 6144 instances were transformed.
  RAM64M => RAM64M (RAMD64E(x4)): 5120 instances
  RAM64X1D => RAM64X1D (RAMD64E(x2)): 1024 instances

INFO: [Common 17-83] Releasing license: Synthesis
14 Infos, 1 Warnings, 0 Critical Warnings and 0 Errors encountered.
synth_design completed successfully
synth_design: Time (s): cpu = 00:02:20 ; elapsed = 00:02:34 . Memory (MB): peak = 1147.453 ; gain = 121.371
INFO: [Common 17-1381] The checkpoint 'C:/Users/ERNESTO/Documents/DANIEL/IPN/ESCOM/Quinto_Semestre/ARQUI/Memoria_de_datos/Memoria_de_datos.runs/synth_1/data_memory.dcp' has been generated.
write_checkpoint: Time (s): cpu = 00:00:20 ; elapsed = 00:00:16 . Memory (MB): peak = 1147.453 ; gain = 0.000
INFO: [runtcl-4] Executing : report_utilization -file data_memory_utilization_synth.rpt -pb data_memory_utilization_synth.pb
INFO: [Common 17-206] Exiting Vivado at Mon Oct 25 22:59:49 2021...
