
*** Running vivado
    with args -log ALU4b.vds -m64 -product Vivado -mode batch -messageDb vivado.pb -notrace -source ALU4b.tcl



****** Vivado v2020.1 (64-bit)
  **** SW Build 2902540 on Wed May 27 19:54:49 MDT 2020
  **** IP Build 2902112 on Wed May 27 22:43:36 MDT 2020
    ** Copyright 1986-2020 Xilinx, Inc. All Rights Reserved.

source ALU4b.tcl -notrace
Command: synth_design -top ALU4b -part xc7a100tcsg324-1
Starting synth_design
Attempting to get a license for feature 'Synthesis' and/or device 'xc7a100t'
INFO: [Common 17-349] Got license for feature 'Synthesis' and/or device 'xc7a100t'
INFO: [Synth 8-7079] Multithreading enabled for synth_design using a maximum of 2 processes.
INFO: [Synth 8-7078] Launching helper process for spawning children vivado processes
INFO: [Synth 8-7075] Helper process launched with PID 12824
---------------------------------------------------------------------------------
Starting Synthesize : Time (s): cpu = 00:00:10 ; elapsed = 00:00:11 . Memory (MB): peak = 1024.324 ; gain = 0.000
---------------------------------------------------------------------------------
INFO: [Synth 8-638] synthesizing module 'ALU4b' [C:/Users/ERNESTO/Documents/DANIEL/IPN/ESCOM/Quinto_Semestre/ARQUI/ALU_1B/ALU_1B.srcs/sources_1/new/ALU4b.vhd:13]
INFO: [Synth 8-3491] module 'ALU1' declared at 'C:/Users/ERNESTO/Documents/DANIEL/IPN/ESCOM/Quinto_Semestre/ARQUI/ALU_1B/ALU_1B.srcs/sources_1/new/ALU1.vhd:4' bound to instance 'elemento1' of component 'ALU1' [C:/Users/ERNESTO/Documents/DANIEL/IPN/ESCOM/Quinto_Semestre/ARQUI/ALU_1B/ALU_1B.srcs/sources_1/new/ALU4b.vhd:19]
INFO: [Synth 8-638] synthesizing module 'ALU1' [C:/Users/ERNESTO/Documents/DANIEL/IPN/ESCOM/Quinto_Semestre/ARQUI/ALU_1B/ALU_1B.srcs/sources_1/new/ALU1.vhd:10]
INFO: [Synth 8-256] done synthesizing module 'ALU1' (1#1) [C:/Users/ERNESTO/Documents/DANIEL/IPN/ESCOM/Quinto_Semestre/ARQUI/ALU_1B/ALU_1B.srcs/sources_1/new/ALU1.vhd:10]
INFO: [Synth 8-3491] module 'ALU1' declared at 'C:/Users/ERNESTO/Documents/DANIEL/IPN/ESCOM/Quinto_Semestre/ARQUI/ALU_1B/ALU_1B.srcs/sources_1/new/ALU1.vhd:4' bound to instance 'elemento1' of component 'ALU1' [C:/Users/ERNESTO/Documents/DANIEL/IPN/ESCOM/Quinto_Semestre/ARQUI/ALU_1B/ALU_1B.srcs/sources_1/new/ALU4b.vhd:19]
INFO: [Synth 8-3491] module 'ALU1' declared at 'C:/Users/ERNESTO/Documents/DANIEL/IPN/ESCOM/Quinto_Semestre/ARQUI/ALU_1B/ALU_1B.srcs/sources_1/new/ALU1.vhd:4' bound to instance 'elemento1' of component 'ALU1' [C:/Users/ERNESTO/Documents/DANIEL/IPN/ESCOM/Quinto_Semestre/ARQUI/ALU_1B/ALU_1B.srcs/sources_1/new/ALU4b.vhd:19]
INFO: [Synth 8-3491] module 'ALU1' declared at 'C:/Users/ERNESTO/Documents/DANIEL/IPN/ESCOM/Quinto_Semestre/ARQUI/ALU_1B/ALU_1B.srcs/sources_1/new/ALU1.vhd:4' bound to instance 'elemento1' of component 'ALU1' [C:/Users/ERNESTO/Documents/DANIEL/IPN/ESCOM/Quinto_Semestre/ARQUI/ALU_1B/ALU_1B.srcs/sources_1/new/ALU4b.vhd:19]
INFO: [Synth 8-256] done synthesizing module 'ALU4b' (2#1) [C:/Users/ERNESTO/Documents/DANIEL/IPN/ESCOM/Quinto_Semestre/ARQUI/ALU_1B/ALU_1B.srcs/sources_1/new/ALU4b.vhd:13]
---------------------------------------------------------------------------------
Finished Synthesize : Time (s): cpu = 00:00:12 ; elapsed = 00:00:13 . Memory (MB): peak = 1024.324 ; gain = 0.000
---------------------------------------------------------------------------------
---------------------------------------------------------------------------------
Finished Constraint Validation : Time (s): cpu = 00:00:13 ; elapsed = 00:00:14 . Memory (MB): peak = 1024.324 ; gain = 0.000
---------------------------------------------------------------------------------
---------------------------------------------------------------------------------
Start Loading Part and Timing Information
---------------------------------------------------------------------------------
Loading part: xc7a100tcsg324-1
---------------------------------------------------------------------------------
Finished Loading Part and Timing Information : Time (s): cpu = 00:00:13 ; elapsed = 00:00:14 . Memory (MB): peak = 1024.324 ; gain = 0.000
---------------------------------------------------------------------------------
INFO: [Device 21-403] Loading part xc7a100tcsg324-1
---------------------------------------------------------------------------------
Finished RTL Optimization Phase 2 : Time (s): cpu = 00:00:13 ; elapsed = 00:00:14 . Memory (MB): peak = 1024.324 ; gain = 0.000
---------------------------------------------------------------------------------
No constraint files found.
---------------------------------------------------------------------------------
Start RTL Component Statistics 
---------------------------------------------------------------------------------
Detailed RTL Component Info : 
+---XORs : 
	   2 Input      1 Bit         XORs := 13    
+---Muxes : 
	   2 Input    1 Bit        Muxes := 8     
	   4 Input    1 Bit        Muxes := 4     
---------------------------------------------------------------------------------
Finished RTL Component Statistics 
---------------------------------------------------------------------------------
---------------------------------------------------------------------------------
Start Part Resource Summary
---------------------------------------------------------------------------------
Part Resources:
DSPs: 240 (col length:80)
BRAMs: 270 (col length: RAMB18 80 RAMB36 40)
---------------------------------------------------------------------------------
Finished Part Resource Summary
---------------------------------------------------------------------------------
No constraint files found.
---------------------------------------------------------------------------------
Start Cross Boundary and Area Optimization
---------------------------------------------------------------------------------
---------------------------------------------------------------------------------
Finished Cross Boundary and Area Optimization : Time (s): cpu = 00:00:23 ; elapsed = 00:00:27 . Memory (MB): peak = 1024.324 ; gain = 0.000
---------------------------------------------------------------------------------
No constraint files found.
---------------------------------------------------------------------------------
Start Timing Optimization
---------------------------------------------------------------------------------
---------------------------------------------------------------------------------
Finished Timing Optimization : Time (s): cpu = 00:00:23 ; elapsed = 00:00:27 . Memory (MB): peak = 1024.324 ; gain = 0.000
---------------------------------------------------------------------------------
---------------------------------------------------------------------------------
Start Technology Mapping
---------------------------------------------------------------------------------
---------------------------------------------------------------------------------
Finished Technology Mapping : Time (s): cpu = 00:00:23 ; elapsed = 00:00:28 . Memory (MB): peak = 1024.324 ; gain = 0.000
---------------------------------------------------------------------------------
---------------------------------------------------------------------------------
Start IO Insertion
---------------------------------------------------------------------------------
---------------------------------------------------------------------------------
Start Flattening Before IO Insertion
---------------------------------------------------------------------------------
---------------------------------------------------------------------------------
Finished Flattening Before IO Insertion
---------------------------------------------------------------------------------
---------------------------------------------------------------------------------
Start Final Netlist Cleanup
---------------------------------------------------------------------------------
---------------------------------------------------------------------------------
Finished Final Netlist Cleanup
---------------------------------------------------------------------------------
---------------------------------------------------------------------------------
Finished IO Insertion : Time (s): cpu = 00:00:33 ; elapsed = 00:00:40 . Memory (MB): peak = 1024.324 ; gain = 0.000
---------------------------------------------------------------------------------
---------------------------------------------------------------------------------
Start Renaming Generated Instances
---------------------------------------------------------------------------------
---------------------------------------------------------------------------------
Finished Renaming Generated Instances : Time (s): cpu = 00:00:33 ; elapsed = 00:00:40 . Memory (MB): peak = 1024.324 ; gain = 0.000
---------------------------------------------------------------------------------
---------------------------------------------------------------------------------
Start Rebuilding User Hierarchy
---------------------------------------------------------------------------------
---------------------------------------------------------------------------------
Finished Rebuilding User Hierarchy : Time (s): cpu = 00:00:33 ; elapsed = 00:00:40 . Memory (MB): peak = 1024.324 ; gain = 0.000
---------------------------------------------------------------------------------
---------------------------------------------------------------------------------
Start Renaming Generated Ports
---------------------------------------------------------------------------------
---------------------------------------------------------------------------------
Finished Renaming Generated Ports : Time (s): cpu = 00:00:33 ; elapsed = 00:00:40 . Memory (MB): peak = 1024.324 ; gain = 0.000
---------------------------------------------------------------------------------
---------------------------------------------------------------------------------
Start Handling Custom Attributes
---------------------------------------------------------------------------------
---------------------------------------------------------------------------------
Finished Handling Custom Attributes : Time (s): cpu = 00:00:33 ; elapsed = 00:00:40 . Memory (MB): peak = 1024.324 ; gain = 0.000
---------------------------------------------------------------------------------
---------------------------------------------------------------------------------
Start Renaming Generated Nets
---------------------------------------------------------------------------------
---------------------------------------------------------------------------------
Finished Renaming Generated Nets : Time (s): cpu = 00:00:33 ; elapsed = 00:00:40 . Memory (MB): peak = 1024.324 ; gain = 0.000
---------------------------------------------------------------------------------
---------------------------------------------------------------------------------
Start Writing Synthesis Report
---------------------------------------------------------------------------------

Report BlackBoxes: 
+-+--------------+----------+
| |BlackBox name |Instances |
+-+--------------+----------+
+-+--------------+----------+

Report Cell Usage: 
+------+-----+------+
|      |Cell |Count |
+------+-----+------+
|1     |LUT2 |     9|
|2     |LUT4 |     4|
|3     |LUT6 |    12|
|4     |IBUF |    12|
|5     |OBUF |     9|
+------+-----+------+

Report Instance Areas: 
+------+---------+-------+------+
|      |Instance |Module |Cells |
+------+---------+-------+------+
|1     |top      |       |    46|
+------+---------+-------+------+
---------------------------------------------------------------------------------
Finished Writing Synthesis Report : Time (s): cpu = 00:00:33 ; elapsed = 00:00:40 . Memory (MB): peak = 1024.324 ; gain = 0.000
---------------------------------------------------------------------------------
Synthesis finished with 0 errors, 0 critical warnings and 0 warnings.
Synthesis Optimization Runtime : Time (s): cpu = 00:00:33 ; elapsed = 00:00:40 . Memory (MB): peak = 1024.324 ; gain = 0.000
Synthesis Optimization Complete : Time (s): cpu = 00:00:33 ; elapsed = 00:00:40 . Memory (MB): peak = 1024.324 ; gain = 0.000
INFO: [Project 1-571] Translating synthesized netlist
Netlist sorting complete. Time (s): cpu = 00:00:00 ; elapsed = 00:00:00 . Memory (MB): peak = 1024.324 ; gain = 0.000
INFO: [Project 1-570] Preparing netlist for logic optimization
INFO: [Opt 31-138] Pushed 0 inverter(s) to 0 load pin(s).
Netlist sorting complete. Time (s): cpu = 00:00:00 ; elapsed = 00:00:00 . Memory (MB): peak = 1024.324 ; gain = 0.000
INFO: [Project 1-111] Unisim Transformation Summary:
No Unisim elements were transformed.

INFO: [Common 17-83] Releasing license: Synthesis
18 Infos, 0 Warnings, 0 Critical Warnings and 0 Errors encountered.
synth_design completed successfully
synth_design: Time (s): cpu = 00:00:42 ; elapsed = 00:00:51 . Memory (MB): peak = 1024.324 ; gain = 0.000
INFO: [Common 17-1381] The checkpoint 'C:/Users/ERNESTO/Documents/DANIEL/IPN/ESCOM/Quinto_Semestre/ARQUI/ALU_1B/ALU_1B.runs/synth_1/ALU4b.dcp' has been generated.
INFO: [runtcl-4] Executing : report_utilization -file ALU4b_utilization_synth.rpt -pb ALU4b_utilization_synth.pb
INFO: [Common 17-206] Exiting Vivado at Sun Oct 10 22:59:44 2021...
