
*** Running vivado
    with args -log ESCOMips.vds -m64 -product Vivado -mode batch -messageDb vivado.pb -notrace -source ESCOMips.tcl



****** Vivado v2020.1 (64-bit)
  **** SW Build 2902540 on Wed May 27 19:54:49 MDT 2020
  **** IP Build 2902112 on Wed May 27 22:43:36 MDT 2020
    ** Copyright 1986-2020 Xilinx, Inc. All Rights Reserved.

source ESCOMips.tcl -notrace
Command: synth_design -top ESCOMips -part xc7a100tcsg324-1
Starting synth_design
Attempting to get a license for feature 'Synthesis' and/or device 'xc7a100t'
INFO: [Common 17-349] Got license for feature 'Synthesis' and/or device 'xc7a100t'
INFO: [Synth 8-7079] Multithreading enabled for synth_design using a maximum of 2 processes.
INFO: [Synth 8-7078] Launching helper process for spawning children vivado processes
INFO: [Synth 8-7075] Helper process launched with PID 11364
---------------------------------------------------------------------------------
Starting Synthesize : Time (s): cpu = 00:00:12 ; elapsed = 00:00:15 . Memory (MB): peak = 1024.188 ; gain = 0.000
---------------------------------------------------------------------------------
INFO: [Synth 8-638] synthesizing module 'ESCOMips' [C:/Users/ERNESTO/Documents/DANIEL/IPN/ESCOM/Quinto_Semestre/ARQUI/ESCOMips/ESCOMips.srcs/sources_1/new/ESCOMips.vhd:11]
INFO: [Synth 8-3491] module 'Pila' declared at 'C:/Users/ERNESTO/Documents/DANIEL/IPN/ESCOM/Quinto_Semestre/ARQUI/ESCOMips/ESCOMips.srcs/sources_1/new/Pila.vhd:6' bound to instance 'stack' of component 'Pila' [C:/Users/ERNESTO/Documents/DANIEL/IPN/ESCOM/Quinto_Semestre/ARQUI/ESCOMips/ESCOMips.srcs/sources_1/new/ESCOMips.vhd:107]
INFO: [Synth 8-638] synthesizing module 'Pila' [C:/Users/ERNESTO/Documents/DANIEL/IPN/ESCOM/Quinto_Semestre/ARQUI/ESCOMips/ESCOMips.srcs/sources_1/new/Pila.vhd:14]
	Parameter m bound to: 16 - type: integer 
	Parameter n bound to: 3 - type: integer 
INFO: [Synth 8-256] done synthesizing module 'Pila' (1#1) [C:/Users/ERNESTO/Documents/DANIEL/IPN/ESCOM/Quinto_Semestre/ARQUI/ESCOMips/ESCOMips.srcs/sources_1/new/Pila.vhd:14]
INFO: [Synth 8-3491] module 'MemoriaPrograma2' declared at 'C:/Users/ERNESTO/Documents/DANIEL/IPN/ESCOM/Quinto_Semestre/ARQUI/ESCOMips/ESCOMips.srcs/sources_1/new/MemoriaPrograma2.vhd:6' bound to instance 'memProg' of component 'MemoriaPrograma2' [C:/Users/ERNESTO/Documents/DANIEL/IPN/ESCOM/Quinto_Semestre/ARQUI/ESCOMips/ESCOMips.srcs/sources_1/new/ESCOMips.vhd:117]
INFO: [Synth 8-638] synthesizing module 'MemoriaPrograma2' [C:/Users/ERNESTO/Documents/DANIEL/IPN/ESCOM/Quinto_Semestre/ARQUI/ESCOMips/ESCOMips.srcs/sources_1/new/MemoriaPrograma2.vhd:13]
	Parameter m bound to: 10 - type: integer 
	Parameter n bound to: 25 - type: integer 
INFO: [Synth 8-256] done synthesizing module 'MemoriaPrograma2' (2#1) [C:/Users/ERNESTO/Documents/DANIEL/IPN/ESCOM/Quinto_Semestre/ARQUI/ESCOMips/ESCOMips.srcs/sources_1/new/MemoriaPrograma2.vhd:13]
INFO: [Synth 8-3491] module 'UnidadControl' declared at 'C:/Users/ERNESTO/Documents/DANIEL/IPN/ESCOM/Quinto_Semestre/ARQUI/ESCOMips/ESCOMips.srcs/sources_1/new/UnidadControl.vhd:4' bound to instance 'uc' of component 'UnidadControl' [C:/Users/ERNESTO/Documents/DANIEL/IPN/ESCOM/Quinto_Semestre/ARQUI/ESCOMips/ESCOMips.srcs/sources_1/new/ESCOMips.vhd:123]
INFO: [Synth 8-638] synthesizing module 'UnidadControl' [C:/Users/ERNESTO/Documents/DANIEL/IPN/ESCOM/Quinto_Semestre/ARQUI/ESCOMips/ESCOMips.srcs/sources_1/new/UnidadControl.vhd:11]
INFO: [Synth 8-3491] module 'UnidadC' declared at 'C:/Users/ERNESTO/Documents/DANIEL/IPN/ESCOM/Quinto_Semestre/ARQUI/ESCOMips/ESCOMips.srcs/sources_1/new/UnidadC.vhd:4' bound to instance 'uc' of component 'UnidadC' [C:/Users/ERNESTO/Documents/DANIEL/IPN/ESCOM/Quinto_Semestre/ARQUI/ESCOMips/ESCOMips.srcs/sources_1/new/UnidadControl.vhd:70]
INFO: [Synth 8-638] synthesizing module 'UnidadC' [C:/Users/ERNESTO/Documents/DANIEL/IPN/ESCOM/Quinto_Semestre/ARQUI/ESCOMips/ESCOMips.srcs/sources_1/new/UnidadC.vhd:9]
INFO: [Synth 8-256] done synthesizing module 'UnidadC' (3#1) [C:/Users/ERNESTO/Documents/DANIEL/IPN/ESCOM/Quinto_Semestre/ARQUI/ESCOMips/ESCOMips.srcs/sources_1/new/UnidadC.vhd:9]
INFO: [Synth 8-3491] module 'Condicion' declared at 'C:/Users/ERNESTO/Documents/DANIEL/IPN/ESCOM/Quinto_Semestre/ARQUI/ESCOMips/ESCOMips.srcs/sources_1/new/Condicion.vhd:4' bound to instance 'con' of component 'Condicion' [C:/Users/ERNESTO/Documents/DANIEL/IPN/ESCOM/Quinto_Semestre/ARQUI/ESCOMips/ESCOMips.srcs/sources_1/new/UnidadControl.vhd:91]
INFO: [Synth 8-638] synthesizing module 'Condicion' [C:/Users/ERNESTO/Documents/DANIEL/IPN/ESCOM/Quinto_Semestre/ARQUI/ESCOMips/ESCOMips.srcs/sources_1/new/Condicion.vhd:9]
INFO: [Synth 8-256] done synthesizing module 'Condicion' (4#1) [C:/Users/ERNESTO/Documents/DANIEL/IPN/ESCOM/Quinto_Semestre/ARQUI/ESCOMips/ESCOMips.srcs/sources_1/new/Condicion.vhd:9]
INFO: [Synth 8-3491] module 'DecodificadorInstruccion' declared at 'C:/Users/ERNESTO/Documents/DANIEL/IPN/ESCOM/Quinto_Semestre/ARQUI/ESCOMips/ESCOMips.srcs/sources_1/new/DecodificadorInstruccion.vhd:4' bound to instance 'deco' of component 'DecodificadorInstruccion' [C:/Users/ERNESTO/Documents/DANIEL/IPN/ESCOM/Quinto_Semestre/ARQUI/ESCOMips/ESCOMips.srcs/sources_1/new/UnidadControl.vhd:101]
INFO: [Synth 8-638] synthesizing module 'DecodificadorInstruccion' [C:/Users/ERNESTO/Documents/DANIEL/IPN/ESCOM/Quinto_Semestre/ARQUI/ESCOMips/ESCOMips.srcs/sources_1/new/DecodificadorInstruccion.vhd:9]
INFO: [Synth 8-256] done synthesizing module 'DecodificadorInstruccion' (5#1) [C:/Users/ERNESTO/Documents/DANIEL/IPN/ESCOM/Quinto_Semestre/ARQUI/ESCOMips/ESCOMips.srcs/sources_1/new/DecodificadorInstruccion.vhd:9]
INFO: [Synth 8-3491] module 'MfunCode' declared at 'C:/Users/ERNESTO/Documents/DANIEL/IPN/ESCOM/Quinto_Semestre/ARQUI/ESCOMips/ESCOMips.srcs/sources_1/new/MfunCode.vhd:6' bound to instance 'fun' of component 'MfunCode' [C:/Users/ERNESTO/Documents/DANIEL/IPN/ESCOM/Quinto_Semestre/ARQUI/ESCOMips/ESCOMips.srcs/sources_1/new/UnidadControl.vhd:112]
INFO: [Synth 8-638] synthesizing module 'MfunCode' [C:/Users/ERNESTO/Documents/DANIEL/IPN/ESCOM/Quinto_Semestre/ARQUI/ESCOMips/ESCOMips.srcs/sources_1/new/MfunCode.vhd:11]
INFO: [Synth 8-256] done synthesizing module 'MfunCode' (6#1) [C:/Users/ERNESTO/Documents/DANIEL/IPN/ESCOM/Quinto_Semestre/ARQUI/ESCOMips/ESCOMips.srcs/sources_1/new/MfunCode.vhd:11]
INFO: [Synth 8-3491] module 'MopCode' declared at 'C:/Users/ERNESTO/Documents/DANIEL/IPN/ESCOM/Quinto_Semestre/ARQUI/ESCOMips/ESCOMips.srcs/sources_1/new/MopCode.vhd:6' bound to instance 'op' of component 'MopCode' [C:/Users/ERNESTO/Documents/DANIEL/IPN/ESCOM/Quinto_Semestre/ARQUI/ESCOMips/ESCOMips.srcs/sources_1/new/UnidadControl.vhd:117]
INFO: [Synth 8-638] synthesizing module 'MopCode' [C:/Users/ERNESTO/Documents/DANIEL/IPN/ESCOM/Quinto_Semestre/ARQUI/ESCOMips/ESCOMips.srcs/sources_1/new/MopCode.vhd:11]
INFO: [Synth 8-256] done synthesizing module 'MopCode' (7#1) [C:/Users/ERNESTO/Documents/DANIEL/IPN/ESCOM/Quinto_Semestre/ARQUI/ESCOMips/ESCOMips.srcs/sources_1/new/MopCode.vhd:11]
INFO: [Synth 8-3491] module 'Mux2CUC' declared at 'C:/Users/ERNESTO/Documents/DANIEL/IPN/ESCOM/Quinto_Semestre/ARQUI/ESCOMips/ESCOMips.srcs/sources_1/new/Mux2CUC.vhd:4' bound to instance 'mux2' of component 'Mux2CUC' [C:/Users/ERNESTO/Documents/DANIEL/IPN/ESCOM/Quinto_Semestre/ARQUI/ESCOMips/ESCOMips.srcs/sources_1/new/UnidadControl.vhd:122]
INFO: [Synth 8-638] synthesizing module 'Mux2CUC' [C:/Users/ERNESTO/Documents/DANIEL/IPN/ESCOM/Quinto_Semestre/ARQUI/ESCOMips/ESCOMips.srcs/sources_1/new/Mux2CUC.vhd:10]
INFO: [Synth 8-256] done synthesizing module 'Mux2CUC' (8#1) [C:/Users/ERNESTO/Documents/DANIEL/IPN/ESCOM/Quinto_Semestre/ARQUI/ESCOMips/ESCOMips.srcs/sources_1/new/Mux2CUC.vhd:10]
INFO: [Synth 8-3491] module 'MultiplexorUC' declared at 'C:/Users/ERNESTO/Documents/DANIEL/IPN/ESCOM/Quinto_Semestre/ARQUI/ESCOMips/ESCOMips.srcs/sources_1/new/MultiplexorUC.vhd:4' bound to instance 'mux' of component 'MultiplexorUC' [C:/Users/ERNESTO/Documents/DANIEL/IPN/ESCOM/Quinto_Semestre/ARQUI/ESCOMips/ESCOMips.srcs/sources_1/new/UnidadControl.vhd:128]
INFO: [Synth 8-638] synthesizing module 'MultiplexorUC' [C:/Users/ERNESTO/Documents/DANIEL/IPN/ESCOM/Quinto_Semestre/ARQUI/ESCOMips/ESCOMips.srcs/sources_1/new/MultiplexorUC.vhd:11]
INFO: [Synth 8-256] done synthesizing module 'MultiplexorUC' (9#1) [C:/Users/ERNESTO/Documents/DANIEL/IPN/ESCOM/Quinto_Semestre/ARQUI/ESCOMips/ESCOMips.srcs/sources_1/new/MultiplexorUC.vhd:11]
INFO: [Synth 8-3491] module 'Nivel' declared at 'C:/Users/ERNESTO/Documents/DANIEL/IPN/ESCOM/Quinto_Semestre/ARQUI/ESCOMips/ESCOMips.srcs/sources_1/new/Nivel.vhd:4' bound to instance 'niv' of component 'Nivel' [C:/Users/ERNESTO/Documents/DANIEL/IPN/ESCOM/Quinto_Semestre/ARQUI/ESCOMips/ESCOMips.srcs/sources_1/new/UnidadControl.vhd:135]
INFO: [Synth 8-638] synthesizing module 'Nivel' [C:/Users/ERNESTO/Documents/DANIEL/IPN/ESCOM/Quinto_Semestre/ARQUI/ESCOMips/ESCOMips.srcs/sources_1/new/Nivel.vhd:9]
INFO: [Synth 8-256] done synthesizing module 'Nivel' (10#1) [C:/Users/ERNESTO/Documents/DANIEL/IPN/ESCOM/Quinto_Semestre/ARQUI/ESCOMips/ESCOMips.srcs/sources_1/new/Nivel.vhd:9]
INFO: [Synth 8-3491] module 'RegistroBanderas' declared at 'C:/Users/ERNESTO/Documents/DANIEL/IPN/ESCOM/Quinto_Semestre/ARQUI/ESCOMips/ESCOMips.srcs/sources_1/new/RegistroBanderas.vhd:4' bound to instance 'reg' of component 'RegistroBanderas' [C:/Users/ERNESTO/Documents/DANIEL/IPN/ESCOM/Quinto_Semestre/ARQUI/ESCOMips/ESCOMips.srcs/sources_1/new/UnidadControl.vhd:143]
INFO: [Synth 8-638] synthesizing module 'RegistroBanderas' [C:/Users/ERNESTO/Documents/DANIEL/IPN/ESCOM/Quinto_Semestre/ARQUI/ESCOMips/ESCOMips.srcs/sources_1/new/RegistroBanderas.vhd:10]
INFO: [Synth 8-256] done synthesizing module 'RegistroBanderas' (11#1) [C:/Users/ERNESTO/Documents/DANIEL/IPN/ESCOM/Quinto_Semestre/ARQUI/ESCOMips/ESCOMips.srcs/sources_1/new/RegistroBanderas.vhd:10]
INFO: [Synth 8-256] done synthesizing module 'UnidadControl' (12#1) [C:/Users/ERNESTO/Documents/DANIEL/IPN/ESCOM/Quinto_Semestre/ARQUI/ESCOMips/ESCOMips.srcs/sources_1/new/UnidadControl.vhd:11]
INFO: [Synth 8-3491] module 'MuxSR2' declared at 'C:/Users/ERNESTO/Documents/DANIEL/IPN/ESCOM/Quinto_Semestre/ARQUI/ESCOMips/ESCOMips.srcs/sources_1/new/MuxSR2.vhd:4' bound to instance 'SR2' of component 'MuxSR2' [C:/Users/ERNESTO/Documents/DANIEL/IPN/ESCOM/Quinto_Semestre/ARQUI/ESCOMips/ESCOMips.srcs/sources_1/new/ESCOMips.vhd:133]
INFO: [Synth 8-638] synthesizing module 'MuxSR2' [C:/Users/ERNESTO/Documents/DANIEL/IPN/ESCOM/Quinto_Semestre/ARQUI/ESCOMips/ESCOMips.srcs/sources_1/new/MuxSR2.vhd:10]
INFO: [Synth 8-256] done synthesizing module 'MuxSR2' (13#1) [C:/Users/ERNESTO/Documents/DANIEL/IPN/ESCOM/Quinto_Semestre/ARQUI/ESCOMips/ESCOMips.srcs/sources_1/new/MuxSR2.vhd:10]
INFO: [Synth 8-3491] module 'Mux16Bits' declared at 'C:/Users/ERNESTO/Documents/DANIEL/IPN/ESCOM/Quinto_Semestre/ARQUI/ESCOMips/ESCOMips.srcs/sources_1/new/Mux16Bits.vhd:4' bound to instance 'SWD' of component 'Mux16Bits' [C:/Users/ERNESTO/Documents/DANIEL/IPN/ESCOM/Quinto_Semestre/ARQUI/ESCOMips/ESCOMips.srcs/sources_1/new/ESCOMips.vhd:141]
INFO: [Synth 8-638] synthesizing module 'Mux16Bits' [C:/Users/ERNESTO/Documents/DANIEL/IPN/ESCOM/Quinto_Semestre/ARQUI/ESCOMips/ESCOMips.srcs/sources_1/new/Mux16Bits.vhd:10]
INFO: [Synth 8-256] done synthesizing module 'Mux16Bits' (14#1) [C:/Users/ERNESTO/Documents/DANIEL/IPN/ESCOM/Quinto_Semestre/ARQUI/ESCOMips/ESCOMips.srcs/sources_1/new/Mux16Bits.vhd:10]
INFO: [Synth 8-3491] module 'ArchivoRegistros' declared at 'C:/Users/ERNESTO/Documents/DANIEL/IPN/ESCOM/Quinto_Semestre/ARQUI/ESCOMips/ESCOMips.srcs/sources_1/new/ArchivoRegistros.vhd:4' bound to instance 'fileReg' of component 'ArchivoRegistros' [C:/Users/ERNESTO/Documents/DANIEL/IPN/ESCOM/Quinto_Semestre/ARQUI/ESCOMips/ESCOMips.srcs/sources_1/new/ESCOMips.vhd:149]
INFO: [Synth 8-638] synthesizing module 'ArchivoRegistros' [C:/Users/ERNESTO/Documents/DANIEL/IPN/ESCOM/Quinto_Semestre/ARQUI/ESCOMips/ESCOMips.srcs/sources_1/new/ArchivoRegistros.vhd:13]
	Parameter i bound to: 4 - type: integer 
	Parameter n bound to: 16 - type: integer 
INFO: [Synth 8-3491] module 'Demultiplexor' declared at 'C:/Users/ERNESTO/Documents/DANIEL/IPN/ESCOM/Quinto_Semestre/ARQUI/ESCOMips/ESCOMips.srcs/sources_1/new/Demultiplexor.vhd:4' bound to instance 'demux' of component 'Demultiplexor' [C:/Users/ERNESTO/Documents/DANIEL/IPN/ESCOM/Quinto_Semestre/ARQUI/ESCOMips/ESCOMips.srcs/sources_1/new/ArchivoRegistros.vhd:51]
INFO: [Synth 8-638] synthesizing module 'Demultiplexor' [C:/Users/ERNESTO/Documents/DANIEL/IPN/ESCOM/Quinto_Semestre/ARQUI/ESCOMips/ESCOMips.srcs/sources_1/new/Demultiplexor.vhd:10]
INFO: [Synth 8-256] done synthesizing module 'Demultiplexor' (15#1) [C:/Users/ERNESTO/Documents/DANIEL/IPN/ESCOM/Quinto_Semestre/ARQUI/ESCOMips/ESCOMips.srcs/sources_1/new/Demultiplexor.vhd:10]
INFO: [Synth 8-3491] module 'Registro' declared at 'C:/Users/ERNESTO/Documents/DANIEL/IPN/ESCOM/Quinto_Semestre/ARQUI/ESCOMips/ESCOMips.srcs/sources_1/new/Registro.vhd:4' bound to instance 'reg' of component 'Registro' [C:/Users/ERNESTO/Documents/DANIEL/IPN/ESCOM/Quinto_Semestre/ARQUI/ESCOMips/ESCOMips.srcs/sources_1/new/ArchivoRegistros.vhd:58]
INFO: [Synth 8-638] synthesizing module 'Registro' [C:/Users/ERNESTO/Documents/DANIEL/IPN/ESCOM/Quinto_Semestre/ARQUI/ESCOMips/ESCOMips.srcs/sources_1/new/Registro.vhd:11]
	Parameter n bound to: 16 - type: integer 
INFO: [Synth 8-256] done synthesizing module 'Registro' (16#1) [C:/Users/ERNESTO/Documents/DANIEL/IPN/ESCOM/Quinto_Semestre/ARQUI/ESCOMips/ESCOMips.srcs/sources_1/new/Registro.vhd:11]
INFO: [Synth 8-3491] module 'Registro' declared at 'C:/Users/ERNESTO/Documents/DANIEL/IPN/ESCOM/Quinto_Semestre/ARQUI/ESCOMips/ESCOMips.srcs/sources_1/new/Registro.vhd:4' bound to instance 'reg' of component 'Registro' [C:/Users/ERNESTO/Documents/DANIEL/IPN/ESCOM/Quinto_Semestre/ARQUI/ESCOMips/ESCOMips.srcs/sources_1/new/ArchivoRegistros.vhd:58]
INFO: [Synth 8-3491] module 'Registro' declared at 'C:/Users/ERNESTO/Documents/DANIEL/IPN/ESCOM/Quinto_Semestre/ARQUI/ESCOMips/ESCOMips.srcs/sources_1/new/Registro.vhd:4' bound to instance 'reg' of component 'Registro' [C:/Users/ERNESTO/Documents/DANIEL/IPN/ESCOM/Quinto_Semestre/ARQUI/ESCOMips/ESCOMips.srcs/sources_1/new/ArchivoRegistros.vhd:58]
INFO: [Synth 8-3491] module 'Registro' declared at 'C:/Users/ERNESTO/Documents/DANIEL/IPN/ESCOM/Quinto_Semestre/ARQUI/ESCOMips/ESCOMips.srcs/sources_1/new/Registro.vhd:4' bound to instance 'reg' of component 'Registro' [C:/Users/ERNESTO/Documents/DANIEL/IPN/ESCOM/Quinto_Semestre/ARQUI/ESCOMips/ESCOMips.srcs/sources_1/new/ArchivoRegistros.vhd:58]
INFO: [Synth 8-3491] module 'Registro' declared at 'C:/Users/ERNESTO/Documents/DANIEL/IPN/ESCOM/Quinto_Semestre/ARQUI/ESCOMips/ESCOMips.srcs/sources_1/new/Registro.vhd:4' bound to instance 'reg' of component 'Registro' [C:/Users/ERNESTO/Documents/DANIEL/IPN/ESCOM/Quinto_Semestre/ARQUI/ESCOMips/ESCOMips.srcs/sources_1/new/ArchivoRegistros.vhd:58]
INFO: [Synth 8-3491] module 'Registro' declared at 'C:/Users/ERNESTO/Documents/DANIEL/IPN/ESCOM/Quinto_Semestre/ARQUI/ESCOMips/ESCOMips.srcs/sources_1/new/Registro.vhd:4' bound to instance 'reg' of component 'Registro' [C:/Users/ERNESTO/Documents/DANIEL/IPN/ESCOM/Quinto_Semestre/ARQUI/ESCOMips/ESCOMips.srcs/sources_1/new/ArchivoRegistros.vhd:58]
INFO: [Synth 8-3491] module 'Registro' declared at 'C:/Users/ERNESTO/Documents/DANIEL/IPN/ESCOM/Quinto_Semestre/ARQUI/ESCOMips/ESCOMips.srcs/sources_1/new/Registro.vhd:4' bound to instance 'reg' of component 'Registro' [C:/Users/ERNESTO/Documents/DANIEL/IPN/ESCOM/Quinto_Semestre/ARQUI/ESCOMips/ESCOMips.srcs/sources_1/new/ArchivoRegistros.vhd:58]
INFO: [Synth 8-3491] module 'Registro' declared at 'C:/Users/ERNESTO/Documents/DANIEL/IPN/ESCOM/Quinto_Semestre/ARQUI/ESCOMips/ESCOMips.srcs/sources_1/new/Registro.vhd:4' bound to instance 'reg' of component 'Registro' [C:/Users/ERNESTO/Documents/DANIEL/IPN/ESCOM/Quinto_Semestre/ARQUI/ESCOMips/ESCOMips.srcs/sources_1/new/ArchivoRegistros.vhd:58]
INFO: [Synth 8-3491] module 'Registro' declared at 'C:/Users/ERNESTO/Documents/DANIEL/IPN/ESCOM/Quinto_Semestre/ARQUI/ESCOMips/ESCOMips.srcs/sources_1/new/Registro.vhd:4' bound to instance 'reg' of component 'Registro' [C:/Users/ERNESTO/Documents/DANIEL/IPN/ESCOM/Quinto_Semestre/ARQUI/ESCOMips/ESCOMips.srcs/sources_1/new/ArchivoRegistros.vhd:58]
INFO: [Synth 8-3491] module 'Registro' declared at 'C:/Users/ERNESTO/Documents/DANIEL/IPN/ESCOM/Quinto_Semestre/ARQUI/ESCOMips/ESCOMips.srcs/sources_1/new/Registro.vhd:4' bound to instance 'reg' of component 'Registro' [C:/Users/ERNESTO/Documents/DANIEL/IPN/ESCOM/Quinto_Semestre/ARQUI/ESCOMips/ESCOMips.srcs/sources_1/new/ArchivoRegistros.vhd:58]
INFO: [Synth 8-3491] module 'Registro' declared at 'C:/Users/ERNESTO/Documents/DANIEL/IPN/ESCOM/Quinto_Semestre/ARQUI/ESCOMips/ESCOMips.srcs/sources_1/new/Registro.vhd:4' bound to instance 'reg' of component 'Registro' [C:/Users/ERNESTO/Documents/DANIEL/IPN/ESCOM/Quinto_Semestre/ARQUI/ESCOMips/ESCOMips.srcs/sources_1/new/ArchivoRegistros.vhd:58]
INFO: [Synth 8-3491] module 'Registro' declared at 'C:/Users/ERNESTO/Documents/DANIEL/IPN/ESCOM/Quinto_Semestre/ARQUI/ESCOMips/ESCOMips.srcs/sources_1/new/Registro.vhd:4' bound to instance 'reg' of component 'Registro' [C:/Users/ERNESTO/Documents/DANIEL/IPN/ESCOM/Quinto_Semestre/ARQUI/ESCOMips/ESCOMips.srcs/sources_1/new/ArchivoRegistros.vhd:58]
INFO: [Synth 8-3491] module 'Registro' declared at 'C:/Users/ERNESTO/Documents/DANIEL/IPN/ESCOM/Quinto_Semestre/ARQUI/ESCOMips/ESCOMips.srcs/sources_1/new/Registro.vhd:4' bound to instance 'reg' of component 'Registro' [C:/Users/ERNESTO/Documents/DANIEL/IPN/ESCOM/Quinto_Semestre/ARQUI/ESCOMips/ESCOMips.srcs/sources_1/new/ArchivoRegistros.vhd:58]
INFO: [Synth 8-3491] module 'Registro' declared at 'C:/Users/ERNESTO/Documents/DANIEL/IPN/ESCOM/Quinto_Semestre/ARQUI/ESCOMips/ESCOMips.srcs/sources_1/new/Registro.vhd:4' bound to instance 'reg' of component 'Registro' [C:/Users/ERNESTO/Documents/DANIEL/IPN/ESCOM/Quinto_Semestre/ARQUI/ESCOMips/ESCOMips.srcs/sources_1/new/ArchivoRegistros.vhd:58]
INFO: [Synth 8-3491] module 'Registro' declared at 'C:/Users/ERNESTO/Documents/DANIEL/IPN/ESCOM/Quinto_Semestre/ARQUI/ESCOMips/ESCOMips.srcs/sources_1/new/Registro.vhd:4' bound to instance 'reg' of component 'Registro' [C:/Users/ERNESTO/Documents/DANIEL/IPN/ESCOM/Quinto_Semestre/ARQUI/ESCOMips/ESCOMips.srcs/sources_1/new/ArchivoRegistros.vhd:58]
INFO: [Synth 8-3491] module 'Registro' declared at 'C:/Users/ERNESTO/Documents/DANIEL/IPN/ESCOM/Quinto_Semestre/ARQUI/ESCOMips/ESCOMips.srcs/sources_1/new/Registro.vhd:4' bound to instance 'reg' of component 'Registro' [C:/Users/ERNESTO/Documents/DANIEL/IPN/ESCOM/Quinto_Semestre/ARQUI/ESCOMips/ESCOMips.srcs/sources_1/new/ArchivoRegistros.vhd:58]
INFO: [Synth 8-3491] module 'Multiplexor' declared at 'C:/Users/ERNESTO/Documents/DANIEL/IPN/ESCOM/Quinto_Semestre/ARQUI/ESCOMips/ESCOMips.srcs/sources_1/new/Multiplexor.vhd:4' bound to instance 'mux1' of component 'Multiplexor' [C:/Users/ERNESTO/Documents/DANIEL/IPN/ESCOM/Quinto_Semestre/ARQUI/ESCOMips/ESCOMips.srcs/sources_1/new/ArchivoRegistros.vhd:67]
INFO: [Synth 8-638] synthesizing module 'Multiplexor' [C:/Users/ERNESTO/Documents/DANIEL/IPN/ESCOM/Quinto_Semestre/ARQUI/ESCOMips/ESCOMips.srcs/sources_1/new/Multiplexor.vhd:10]
INFO: [Synth 8-256] done synthesizing module 'Multiplexor' (17#1) [C:/Users/ERNESTO/Documents/DANIEL/IPN/ESCOM/Quinto_Semestre/ARQUI/ESCOMips/ESCOMips.srcs/sources_1/new/Multiplexor.vhd:10]
INFO: [Synth 8-3491] module 'Multiplexor' declared at 'C:/Users/ERNESTO/Documents/DANIEL/IPN/ESCOM/Quinto_Semestre/ARQUI/ESCOMips/ESCOMips.srcs/sources_1/new/Multiplexor.vhd:4' bound to instance 'mux2' of component 'Multiplexor' [C:/Users/ERNESTO/Documents/DANIEL/IPN/ESCOM/Quinto_Semestre/ARQUI/ESCOMips/ESCOMips.srcs/sources_1/new/ArchivoRegistros.vhd:89]
INFO: [Synth 8-3491] module 'BarrelShifter' declared at 'C:/Users/ERNESTO/Documents/DANIEL/IPN/ESCOM/Quinto_Semestre/ARQUI/ESCOMips/ESCOMips.srcs/sources_1/new/BarrelShifter.vhd:4' bound to instance 'bs' of component 'BarrelShifter' [C:/Users/ERNESTO/Documents/DANIEL/IPN/ESCOM/Quinto_Semestre/ARQUI/ESCOMips/ESCOMips.srcs/sources_1/new/ArchivoRegistros.vhd:110]
INFO: [Synth 8-638] synthesizing module 'BarrelShifter' [C:/Users/ERNESTO/Documents/DANIEL/IPN/ESCOM/Quinto_Semestre/ARQUI/ESCOMips/ESCOMips.srcs/sources_1/new/BarrelShifter.vhd:13]
	Parameter n bound to: 16 - type: integer 
	Parameter corr bound to: 4 - type: integer 
INFO: [Synth 8-256] done synthesizing module 'BarrelShifter' (18#1) [C:/Users/ERNESTO/Documents/DANIEL/IPN/ESCOM/Quinto_Semestre/ARQUI/ESCOMips/ESCOMips.srcs/sources_1/new/BarrelShifter.vhd:13]
INFO: [Synth 8-3491] module 'Mux2C' declared at 'C:/Users/ERNESTO/Documents/DANIEL/IPN/ESCOM/Quinto_Semestre/ARQUI/ESCOMips/ESCOMips.srcs/sources_1/new/Mux2C.vhd:4' bound to instance 'mux_2C' of component 'Mux2C' [C:/Users/ERNESTO/Documents/DANIEL/IPN/ESCOM/Quinto_Semestre/ARQUI/ESCOMips/ESCOMips.srcs/sources_1/new/ArchivoRegistros.vhd:117]
INFO: [Synth 8-638] synthesizing module 'Mux2C' [C:/Users/ERNESTO/Documents/DANIEL/IPN/ESCOM/Quinto_Semestre/ARQUI/ESCOMips/ESCOMips.srcs/sources_1/new/Mux2C.vhd:11]
	Parameter n bound to: 16 - type: integer 
INFO: [Synth 8-256] done synthesizing module 'Mux2C' (19#1) [C:/Users/ERNESTO/Documents/DANIEL/IPN/ESCOM/Quinto_Semestre/ARQUI/ESCOMips/ESCOMips.srcs/sources_1/new/Mux2C.vhd:11]
INFO: [Synth 8-256] done synthesizing module 'ArchivoRegistros' (20#1) [C:/Users/ERNESTO/Documents/DANIEL/IPN/ESCOM/Quinto_Semestre/ARQUI/ESCOMips/ESCOMips.srcs/sources_1/new/ArchivoRegistros.vhd:13]
INFO: [Synth 8-3491] module 'ExtensorSigno' declared at 'C:/Users/ERNESTO/Documents/DANIEL/IPN/ESCOM/Quinto_Semestre/ARQUI/ESCOMips/ESCOMips.srcs/sources_1/new/ExtensorSigno.vhd:4' bound to instance 'extSig' of component 'ExtensorSigno' [C:/Users/ERNESTO/Documents/DANIEL/IPN/ESCOM/Quinto_Semestre/ARQUI/ESCOMips/ESCOMips.srcs/sources_1/new/ESCOMips.vhd:165]
INFO: [Synth 8-638] synthesizing module 'ExtensorSigno' [C:/Users/ERNESTO/Documents/DANIEL/IPN/ESCOM/Quinto_Semestre/ARQUI/ESCOMips/ESCOMips.srcs/sources_1/new/ExtensorSigno.vhd:9]
INFO: [Synth 8-256] done synthesizing module 'ExtensorSigno' (21#1) [C:/Users/ERNESTO/Documents/DANIEL/IPN/ESCOM/Quinto_Semestre/ARQUI/ESCOMips/ESCOMips.srcs/sources_1/new/ExtensorSigno.vhd:9]
INFO: [Synth 8-3491] module 'ExtensorDireccion' declared at 'C:/Users/ERNESTO/Documents/DANIEL/IPN/ESCOM/Quinto_Semestre/ARQUI/ESCOMips/ESCOMips.srcs/sources_1/new/ExtensorDireccion.vhd:4' bound to instance 'extDir' of component 'ExtensorDireccion' [C:/Users/ERNESTO/Documents/DANIEL/IPN/ESCOM/Quinto_Semestre/ARQUI/ESCOMips/ESCOMips.srcs/sources_1/new/ESCOMips.vhd:171]
INFO: [Synth 8-638] synthesizing module 'ExtensorDireccion' [C:/Users/ERNESTO/Documents/DANIEL/IPN/ESCOM/Quinto_Semestre/ARQUI/ESCOMips/ESCOMips.srcs/sources_1/new/ExtensorDireccion.vhd:9]
INFO: [Synth 8-256] done synthesizing module 'ExtensorDireccion' (22#1) [C:/Users/ERNESTO/Documents/DANIEL/IPN/ESCOM/Quinto_Semestre/ARQUI/ESCOMips/ESCOMips.srcs/sources_1/new/ExtensorDireccion.vhd:9]
INFO: [Synth 8-3491] module 'Mux16Bits' declared at 'C:/Users/ERNESTO/Documents/DANIEL/IPN/ESCOM/Quinto_Semestre/ARQUI/ESCOMips/ESCOMips.srcs/sources_1/new/Mux16Bits.vhd:4' bound to instance 'SEXT' of component 'Mux16Bits' [C:/Users/ERNESTO/Documents/DANIEL/IPN/ESCOM/Quinto_Semestre/ARQUI/ESCOMips/ESCOMips.srcs/sources_1/new/ESCOMips.vhd:177]
INFO: [Synth 8-3491] module 'Mux16Bits' declared at 'C:/Users/ERNESTO/Documents/DANIEL/IPN/ESCOM/Quinto_Semestre/ARQUI/ESCOMips/ESCOMips.srcs/sources_1/new/Mux16Bits.vhd:4' bound to instance 'SOP1' of component 'Mux16Bits' [C:/Users/ERNESTO/Documents/DANIEL/IPN/ESCOM/Quinto_Semestre/ARQUI/ESCOMips/ESCOMips.srcs/sources_1/new/ESCOMips.vhd:185]
INFO: [Synth 8-3491] module 'Mux16Bits' declared at 'C:/Users/ERNESTO/Documents/DANIEL/IPN/ESCOM/Quinto_Semestre/ARQUI/ESCOMips/ESCOMips.srcs/sources_1/new/Mux16Bits.vhd:4' bound to instance 'SOP2' of component 'Mux16Bits' [C:/Users/ERNESTO/Documents/DANIEL/IPN/ESCOM/Quinto_Semestre/ARQUI/ESCOMips/ESCOMips.srcs/sources_1/new/ESCOMips.vhd:193]
INFO: [Synth 8-3491] module 'ALUNBits' declared at 'C:/Users/ERNESTO/Documents/DANIEL/IPN/ESCOM/Quinto_Semestre/ARQUI/ESCOMips/ESCOMips.srcs/sources_1/new/ALUNBits.vhd:4' bound to instance 'ALU' of component 'ALUNBits' [C:/Users/ERNESTO/Documents/DANIEL/IPN/ESCOM/Quinto_Semestre/ARQUI/ESCOMips/ESCOMips.srcs/sources_1/new/ESCOMips.vhd:201]
INFO: [Synth 8-638] synthesizing module 'ALUNBits' [C:/Users/ERNESTO/Documents/DANIEL/IPN/ESCOM/Quinto_Semestre/ARQUI/ESCOMips/ESCOMips.srcs/sources_1/new/ALUNBits.vhd:12]
	Parameter n bound to: 16 - type: integer 
INFO: [Synth 8-3491] module 'ALU1Bit' declared at 'C:/Users/ERNESTO/Documents/DANIEL/IPN/ESCOM/Quinto_Semestre/ARQUI/ESCOMips/ESCOMips.srcs/sources_1/new/ALU1Bit.vhd:4' bound to instance 'alu0' of component 'ALU1Bit' [C:/Users/ERNESTO/Documents/DANIEL/IPN/ESCOM/Quinto_Semestre/ARQUI/ESCOMips/ESCOMips.srcs/sources_1/new/ALUNBits.vhd:24]
INFO: [Synth 8-638] synthesizing module 'ALU1Bit' [C:/Users/ERNESTO/Documents/DANIEL/IPN/ESCOM/Quinto_Semestre/ARQUI/ESCOMips/ESCOMips.srcs/sources_1/new/ALU1Bit.vhd:10]
INFO: [Synth 8-637] synthesizing blackbox instance 'suma' of component 'sum1bit' [C:/Users/ERNESTO/Documents/DANIEL/IPN/ESCOM/Quinto_Semestre/ARQUI/ESCOMips/ESCOMips.srcs/sources_1/new/ALU1Bit.vhd:25]
INFO: [Synth 8-256] done synthesizing module 'ALU1Bit' (23#1) [C:/Users/ERNESTO/Documents/DANIEL/IPN/ESCOM/Quinto_Semestre/ARQUI/ESCOMips/ESCOMips.srcs/sources_1/new/ALU1Bit.vhd:10]
INFO: [Synth 8-3491] module 'ALU1Bit' declared at 'C:/Users/ERNESTO/Documents/DANIEL/IPN/ESCOM/Quinto_Semestre/ARQUI/ESCOMips/ESCOMips.srcs/sources_1/new/ALU1Bit.vhd:4' bound to instance 'alu0' of component 'ALU1Bit' [C:/Users/ERNESTO/Documents/DANIEL/IPN/ESCOM/Quinto_Semestre/ARQUI/ESCOMips/ESCOMips.srcs/sources_1/new/ALUNBits.vhd:24]
INFO: [Synth 8-3491] module 'ALU1Bit' declared at 'C:/Users/ERNESTO/Documents/DANIEL/IPN/ESCOM/Quinto_Semestre/ARQUI/ESCOMips/ESCOMips.srcs/sources_1/new/ALU1Bit.vhd:4' bound to instance 'alu0' of component 'ALU1Bit' [C:/Users/ERNESTO/Documents/DANIEL/IPN/ESCOM/Quinto_Semestre/ARQUI/ESCOMips/ESCOMips.srcs/sources_1/new/ALUNBits.vhd:24]
INFO: [Synth 8-3491] module 'ALU1Bit' declared at 'C:/Users/ERNESTO/Documents/DANIEL/IPN/ESCOM/Quinto_Semestre/ARQUI/ESCOMips/ESCOMips.srcs/sources_1/new/ALU1Bit.vhd:4' bound to instance 'alu0' of component 'ALU1Bit' [C:/Users/ERNESTO/Documents/DANIEL/IPN/ESCOM/Quinto_Semestre/ARQUI/ESCOMips/ESCOMips.srcs/sources_1/new/ALUNBits.vhd:24]
INFO: [Synth 8-3491] module 'ALU1Bit' declared at 'C:/Users/ERNESTO/Documents/DANIEL/IPN/ESCOM/Quinto_Semestre/ARQUI/ESCOMips/ESCOMips.srcs/sources_1/new/ALU1Bit.vhd:4' bound to instance 'alu0' of component 'ALU1Bit' [C:/Users/ERNESTO/Documents/DANIEL/IPN/ESCOM/Quinto_Semestre/ARQUI/ESCOMips/ESCOMips.srcs/sources_1/new/ALUNBits.vhd:24]
INFO: [Synth 8-3491] module 'ALU1Bit' declared at 'C:/Users/ERNESTO/Documents/DANIEL/IPN/ESCOM/Quinto_Semestre/ARQUI/ESCOMips/ESCOMips.srcs/sources_1/new/ALU1Bit.vhd:4' bound to instance 'alu0' of component 'ALU1Bit' [C:/Users/ERNESTO/Documents/DANIEL/IPN/ESCOM/Quinto_Semestre/ARQUI/ESCOMips/ESCOMips.srcs/sources_1/new/ALUNBits.vhd:24]
INFO: [Synth 8-3491] module 'ALU1Bit' declared at 'C:/Users/ERNESTO/Documents/DANIEL/IPN/ESCOM/Quinto_Semestre/ARQUI/ESCOMips/ESCOMips.srcs/sources_1/new/ALU1Bit.vhd:4' bound to instance 'alu0' of component 'ALU1Bit' [C:/Users/ERNESTO/Documents/DANIEL/IPN/ESCOM/Quinto_Semestre/ARQUI/ESCOMips/ESCOMips.srcs/sources_1/new/ALUNBits.vhd:24]
INFO: [Synth 8-3491] module 'ALU1Bit' declared at 'C:/Users/ERNESTO/Documents/DANIEL/IPN/ESCOM/Quinto_Semestre/ARQUI/ESCOMips/ESCOMips.srcs/sources_1/new/ALU1Bit.vhd:4' bound to instance 'alu0' of component 'ALU1Bit' [C:/Users/ERNESTO/Documents/DANIEL/IPN/ESCOM/Quinto_Semestre/ARQUI/ESCOMips/ESCOMips.srcs/sources_1/new/ALUNBits.vhd:24]
INFO: [Synth 8-3491] module 'ALU1Bit' declared at 'C:/Users/ERNESTO/Documents/DANIEL/IPN/ESCOM/Quinto_Semestre/ARQUI/ESCOMips/ESCOMips.srcs/sources_1/new/ALU1Bit.vhd:4' bound to instance 'alu0' of component 'ALU1Bit' [C:/Users/ERNESTO/Documents/DANIEL/IPN/ESCOM/Quinto_Semestre/ARQUI/ESCOMips/ESCOMips.srcs/sources_1/new/ALUNBits.vhd:24]
INFO: [Synth 8-3491] module 'ALU1Bit' declared at 'C:/Users/ERNESTO/Documents/DANIEL/IPN/ESCOM/Quinto_Semestre/ARQUI/ESCOMips/ESCOMips.srcs/sources_1/new/ALU1Bit.vhd:4' bound to instance 'alu0' of component 'ALU1Bit' [C:/Users/ERNESTO/Documents/DANIEL/IPN/ESCOM/Quinto_Semestre/ARQUI/ESCOMips/ESCOMips.srcs/sources_1/new/ALUNBits.vhd:24]
INFO: [Synth 8-3491] module 'ALU1Bit' declared at 'C:/Users/ERNESTO/Documents/DANIEL/IPN/ESCOM/Quinto_Semestre/ARQUI/ESCOMips/ESCOMips.srcs/sources_1/new/ALU1Bit.vhd:4' bound to instance 'alu0' of component 'ALU1Bit' [C:/Users/ERNESTO/Documents/DANIEL/IPN/ESCOM/Quinto_Semestre/ARQUI/ESCOMips/ESCOMips.srcs/sources_1/new/ALUNBits.vhd:24]
INFO: [Synth 8-3491] module 'ALU1Bit' declared at 'C:/Users/ERNESTO/Documents/DANIEL/IPN/ESCOM/Quinto_Semestre/ARQUI/ESCOMips/ESCOMips.srcs/sources_1/new/ALU1Bit.vhd:4' bound to instance 'alu0' of component 'ALU1Bit' [C:/Users/ERNESTO/Documents/DANIEL/IPN/ESCOM/Quinto_Semestre/ARQUI/ESCOMips/ESCOMips.srcs/sources_1/new/ALUNBits.vhd:24]
INFO: [Synth 8-3491] module 'ALU1Bit' declared at 'C:/Users/ERNESTO/Documents/DANIEL/IPN/ESCOM/Quinto_Semestre/ARQUI/ESCOMips/ESCOMips.srcs/sources_1/new/ALU1Bit.vhd:4' bound to instance 'alu0' of component 'ALU1Bit' [C:/Users/ERNESTO/Documents/DANIEL/IPN/ESCOM/Quinto_Semestre/ARQUI/ESCOMips/ESCOMips.srcs/sources_1/new/ALUNBits.vhd:24]
INFO: [Synth 8-3491] module 'ALU1Bit' declared at 'C:/Users/ERNESTO/Documents/DANIEL/IPN/ESCOM/Quinto_Semestre/ARQUI/ESCOMips/ESCOMips.srcs/sources_1/new/ALU1Bit.vhd:4' bound to instance 'alu0' of component 'ALU1Bit' [C:/Users/ERNESTO/Documents/DANIEL/IPN/ESCOM/Quinto_Semestre/ARQUI/ESCOMips/ESCOMips.srcs/sources_1/new/ALUNBits.vhd:24]
INFO: [Synth 8-3491] module 'ALU1Bit' declared at 'C:/Users/ERNESTO/Documents/DANIEL/IPN/ESCOM/Quinto_Semestre/ARQUI/ESCOMips/ESCOMips.srcs/sources_1/new/ALU1Bit.vhd:4' bound to instance 'alu0' of component 'ALU1Bit' [C:/Users/ERNESTO/Documents/DANIEL/IPN/ESCOM/Quinto_Semestre/ARQUI/ESCOMips/ESCOMips.srcs/sources_1/new/ALUNBits.vhd:24]
INFO: [Synth 8-3491] module 'ALU1Bit' declared at 'C:/Users/ERNESTO/Documents/DANIEL/IPN/ESCOM/Quinto_Semestre/ARQUI/ESCOMips/ESCOMips.srcs/sources_1/new/ALU1Bit.vhd:4' bound to instance 'alu0' of component 'ALU1Bit' [C:/Users/ERNESTO/Documents/DANIEL/IPN/ESCOM/Quinto_Semestre/ARQUI/ESCOMips/ESCOMips.srcs/sources_1/new/ALUNBits.vhd:24]
INFO: [Synth 8-256] done synthesizing module 'ALUNBits' (24#1) [C:/Users/ERNESTO/Documents/DANIEL/IPN/ESCOM/Quinto_Semestre/ARQUI/ESCOMips/ESCOMips.srcs/sources_1/new/ALUNBits.vhd:12]
INFO: [Synth 8-3491] module 'Mux16Bits' declared at 'C:/Users/ERNESTO/Documents/DANIEL/IPN/ESCOM/Quinto_Semestre/ARQUI/ESCOMips/ESCOMips.srcs/sources_1/new/Mux16Bits.vhd:4' bound to instance 'SDMD' of component 'Mux16Bits' [C:/Users/ERNESTO/Documents/DANIEL/IPN/ESCOM/Quinto_Semestre/ARQUI/ESCOMips/ESCOMips.srcs/sources_1/new/ESCOMips.vhd:210]
INFO: [Synth 8-3491] module 'MemoriaDatos' declared at 'C:/Users/ERNESTO/Documents/DANIEL/IPN/ESCOM/Quinto_Semestre/ARQUI/ESCOMips/ESCOMips.srcs/sources_1/new/MemoriaDatos.vhd:6' bound to instance 'memData' of component 'MemoriaDatos' [C:/Users/ERNESTO/Documents/DANIEL/IPN/ESCOM/Quinto_Semestre/ARQUI/ESCOMips/ESCOMips.srcs/sources_1/new/ESCOMips.vhd:218]
INFO: [Synth 8-638] synthesizing module 'MemoriaDatos' [C:/Users/ERNESTO/Documents/DANIEL/IPN/ESCOM/Quinto_Semestre/ARQUI/ESCOMips/ESCOMips.srcs/sources_1/new/MemoriaDatos.vhd:15]
	Parameter m bound to: 10 - type: integer 
	Parameter n bound to: 16 - type: integer 
INFO: [Synth 8-256] done synthesizing module 'MemoriaDatos' (25#1) [C:/Users/ERNESTO/Documents/DANIEL/IPN/ESCOM/Quinto_Semestre/ARQUI/ESCOMips/ESCOMips.srcs/sources_1/new/MemoriaDatos.vhd:15]
INFO: [Synth 8-3491] module 'Mux16Bits' declared at 'C:/Users/ERNESTO/Documents/DANIEL/IPN/ESCOM/Quinto_Semestre/ARQUI/ESCOMips/ESCOMips.srcs/sources_1/new/Mux16Bits.vhd:4' bound to instance 'SR' of component 'Mux16Bits' [C:/Users/ERNESTO/Documents/DANIEL/IPN/ESCOM/Quinto_Semestre/ARQUI/ESCOMips/ESCOMips.srcs/sources_1/new/ESCOMips.vhd:227]
INFO: [Synth 8-3491] module 'Mux16Bits' declared at 'C:/Users/ERNESTO/Documents/DANIEL/IPN/ESCOM/Quinto_Semestre/ARQUI/ESCOMips/ESCOMips.srcs/sources_1/new/Mux16Bits.vhd:4' bound to instance 'SDMP' of component 'Mux16Bits' [C:/Users/ERNESTO/Documents/DANIEL/IPN/ESCOM/Quinto_Semestre/ARQUI/ESCOMips/ESCOMips.srcs/sources_1/new/ESCOMips.vhd:235]
INFO: [Synth 8-256] done synthesizing module 'ESCOMips' (26#1) [C:/Users/ERNESTO/Documents/DANIEL/IPN/ESCOM/Quinto_Semestre/ARQUI/ESCOMips/ESCOMips.srcs/sources_1/new/ESCOMips.vhd:11]
---------------------------------------------------------------------------------
Finished Synthesize : Time (s): cpu = 00:00:16 ; elapsed = 00:00:19 . Memory (MB): peak = 1024.188 ; gain = 0.000
---------------------------------------------------------------------------------
---------------------------------------------------------------------------------
Finished Constraint Validation : Time (s): cpu = 00:00:17 ; elapsed = 00:00:21 . Memory (MB): peak = 1024.188 ; gain = 0.000
---------------------------------------------------------------------------------
---------------------------------------------------------------------------------
Start Loading Part and Timing Information
---------------------------------------------------------------------------------
Loading part: xc7a100tcsg324-1
---------------------------------------------------------------------------------
INFO: [Device 21-403] Loading part xc7a100tcsg324-1
Finished Loading Part and Timing Information : Time (s): cpu = 00:00:17 ; elapsed = 00:00:21 . Memory (MB): peak = 1024.188 ; gain = 0.000
---------------------------------------------------------------------------------
---------------------------------------------------------------------------------
Finished RTL Optimization Phase 2 : Time (s): cpu = 00:00:20 ; elapsed = 00:00:23 . Memory (MB): peak = 1024.188 ; gain = 0.000
---------------------------------------------------------------------------------
No constraint files found.
---------------------------------------------------------------------------------
Start RTL Component Statistics 
---------------------------------------------------------------------------------
Detailed RTL Component Info : 
+---Adders : 
	   2 Input   16 Bit       Adders := 2     
	   2 Input    3 Bit       Adders := 2     
+---XORs : 
	   2 Input      1 Bit         XORs := 50    
+---Registers : 
	               16 Bit    Registers := 24    
	                4 Bit    Registers := 1     
	                3 Bit    Registers := 1     
	                1 Bit    Registers := 3     
+---Muxes : 
	   2 Input   20 Bit        Muxes := 1     
	   2 Input   16 Bit        Muxes := 19    
	   2 Input    5 Bit        Muxes := 1     
	   2 Input    4 Bit        Muxes := 2     
	   2 Input    3 Bit        Muxes := 1     
	   2 Input    1 Bit        Muxes := 55    
	   8 Input    1 Bit        Muxes := 7     
	   4 Input    1 Bit        Muxes := 16    
---------------------------------------------------------------------------------
Finished RTL Component Statistics 
---------------------------------------------------------------------------------
---------------------------------------------------------------------------------
Start Part Resource Summary
---------------------------------------------------------------------------------
Part Resources:
DSPs: 240 (col length:80)
BRAMs: 270 (col length: RAMB18 80 RAMB36 40)
---------------------------------------------------------------------------------
Finished Part Resource Summary
---------------------------------------------------------------------------------
No constraint files found.
---------------------------------------------------------------------------------
Start Cross Boundary and Area Optimization
---------------------------------------------------------------------------------
---------------------------------------------------------------------------------
Finished Cross Boundary and Area Optimization : Time (s): cpu = 00:00:41 ; elapsed = 00:00:51 . Memory (MB): peak = 1024.188 ; gain = 0.000
---------------------------------------------------------------------------------
---------------------------------------------------------------------------------
Start ROM, RAM, DSP and Shift Register Reporting
---------------------------------------------------------------------------------

ROM: Preliminary Mapping	Report
+-----------------+------------+---------------+----------------+
|Module Name      | RTL Object | Depth x Width | Implemented As | 
+-----------------+------------+---------------+----------------+
|MemoriaPrograma2 | aux[0]     | 1024x15       | LUT            | 
|MemoriaPrograma2 | aux[0]     | 1024x15       | LUT            | 
+-----------------+------------+---------------+----------------+


Distributed RAM: Preliminary Mapping	Report (see note below)
+------------+-----------------+-----------+----------------------+-----------------+
|Module Name | RTL Object      | Inference | Size (Depth x Width) | Primitives      | 
+------------+-----------------+-----------+----------------------+-----------------+
|ESCOMips    | memData/aux_reg | Implied   | 1 K x 16             | RAM256X1S x 64	 | 
+------------+-----------------+-----------+----------------------+-----------------+

Note: The table above is a preliminary report that shows the Distributed RAMs at the current stage of the synthesis flow. Some Distributed RAMs may be reimplemented as non Distributed RAM primitives later in the synthesis flow. Multiple instantiated RAMs are reported only once.
---------------------------------------------------------------------------------
Finished ROM, RAM, DSP and Shift Register Reporting
---------------------------------------------------------------------------------
No constraint files found.
---------------------------------------------------------------------------------
Start Timing Optimization
---------------------------------------------------------------------------------
---------------------------------------------------------------------------------
Finished Timing Optimization : Time (s): cpu = 00:00:42 ; elapsed = 00:00:52 . Memory (MB): peak = 1024.188 ; gain = 0.000
---------------------------------------------------------------------------------
---------------------------------------------------------------------------------
Start ROM, RAM, DSP and Shift Register Reporting
---------------------------------------------------------------------------------

Distributed RAM: Final Mapping	Report
+------------+-----------------+-----------+----------------------+-----------------+
|Module Name | RTL Object      | Inference | Size (Depth x Width) | Primitives      | 
+------------+-----------------+-----------+----------------------+-----------------+
|ESCOMips    | memData/aux_reg | Implied   | 1 K x 16             | RAM256X1S x 64	 | 
+------------+-----------------+-----------+----------------------+-----------------+

---------------------------------------------------------------------------------
Finished ROM, RAM, DSP and Shift Register Reporting
---------------------------------------------------------------------------------
---------------------------------------------------------------------------------
Start Technology Mapping
---------------------------------------------------------------------------------
---------------------------------------------------------------------------------
Finished Technology Mapping : Time (s): cpu = 00:00:43 ; elapsed = 00:00:53 . Memory (MB): peak = 1024.188 ; gain = 0.000
---------------------------------------------------------------------------------
---------------------------------------------------------------------------------
Start IO Insertion
---------------------------------------------------------------------------------
---------------------------------------------------------------------------------
Start Flattening Before IO Insertion
---------------------------------------------------------------------------------
---------------------------------------------------------------------------------
Finished Flattening Before IO Insertion
---------------------------------------------------------------------------------
---------------------------------------------------------------------------------
Start Final Netlist Cleanup
---------------------------------------------------------------------------------
---------------------------------------------------------------------------------
Finished Final Netlist Cleanup
---------------------------------------------------------------------------------
---------------------------------------------------------------------------------
Finished IO Insertion : Time (s): cpu = 00:00:54 ; elapsed = 00:01:05 . Memory (MB): peak = 1024.188 ; gain = 0.000
---------------------------------------------------------------------------------
---------------------------------------------------------------------------------
Start Renaming Generated Instances
---------------------------------------------------------------------------------
---------------------------------------------------------------------------------
Finished Renaming Generated Instances : Time (s): cpu = 00:00:54 ; elapsed = 00:01:05 . Memory (MB): peak = 1024.188 ; gain = 0.000
---------------------------------------------------------------------------------
---------------------------------------------------------------------------------
Start Rebuilding User Hierarchy
---------------------------------------------------------------------------------
---------------------------------------------------------------------------------
Finished Rebuilding User Hierarchy : Time (s): cpu = 00:00:54 ; elapsed = 00:01:05 . Memory (MB): peak = 1024.188 ; gain = 0.000
---------------------------------------------------------------------------------
---------------------------------------------------------------------------------
Start Renaming Generated Ports
---------------------------------------------------------------------------------
---------------------------------------------------------------------------------
Finished Renaming Generated Ports : Time (s): cpu = 00:00:54 ; elapsed = 00:01:05 . Memory (MB): peak = 1024.188 ; gain = 0.000
---------------------------------------------------------------------------------
---------------------------------------------------------------------------------
Start Handling Custom Attributes
---------------------------------------------------------------------------------
---------------------------------------------------------------------------------
Finished Handling Custom Attributes : Time (s): cpu = 00:00:54 ; elapsed = 00:01:05 . Memory (MB): peak = 1024.188 ; gain = 0.000
---------------------------------------------------------------------------------
---------------------------------------------------------------------------------
Start Renaming Generated Nets
---------------------------------------------------------------------------------
---------------------------------------------------------------------------------
Finished Renaming Generated Nets : Time (s): cpu = 00:00:54 ; elapsed = 00:01:05 . Memory (MB): peak = 1024.188 ; gain = 0.000
---------------------------------------------------------------------------------
---------------------------------------------------------------------------------
Start Writing Synthesis Report
---------------------------------------------------------------------------------

Report BlackBoxes: 
+------+--------------+----------+
|      |BlackBox name |Instances |
+------+--------------+----------+
|1     |sum1bit       |        16|
+------+--------------+----------+

Report Cell Usage: 
+------+----------------+------+
|      |Cell            |Count |
+------+----------------+------+
|1     |sum1bit_bbox    |     1|
|2     |sum1bit_bbox_0_ |    15|
|17    |BUFG            |     1|
|18    |CARRY4          |     8|
|19    |LUT1            |    13|
|20    |LUT2            |    18|
|21    |LUT3            |   121|
|22    |LUT4            |    49|
|23    |LUT5            |    45|
|24    |LUT6            |   136|
|25    |RAM256X1S       |    64|
|26    |FDCE            |   199|
|27    |FDRE            |     1|
|28    |IBUF            |     2|
|29    |OBUF            |    99|
+------+----------------+------+

Report Instance Areas: 
+------+-----------------------+-----------------+------+
|      |Instance               |Module           |Cells |
+------+-----------------------+-----------------+------+
|1     |top                    |                 |   788|
|2     |  memData              |MemoriaDatos     |    80|
|3     |  ALU                  |ALUNBits         |    32|
|4     |    \ciclo[0].alu0     |ALU1Bit          |     2|
|5     |    \ciclo[10].alu0    |ALU1Bit_3        |     2|
|6     |    \ciclo[11].alu0    |ALU1Bit_4        |     2|
|7     |    \ciclo[12].alu0    |ALU1Bit_5        |     2|
|8     |    \ciclo[13].alu0    |ALU1Bit_6        |     2|
|9     |    \ciclo[14].alu0    |ALU1Bit_7        |     2|
|10    |    \ciclo[15].alu0    |ALU1Bit_8        |     2|
|11    |    \ciclo[1].alu0     |ALU1Bit_9        |     2|
|12    |    \ciclo[2].alu0     |ALU1Bit_10       |     2|
|13    |    \ciclo[3].alu0     |ALU1Bit_11       |     2|
|14    |    \ciclo[4].alu0     |ALU1Bit_12       |     2|
|15    |    \ciclo[5].alu0     |ALU1Bit_13       |     2|
|16    |    \ciclo[6].alu0     |ALU1Bit_14       |     2|
|17    |    \ciclo[7].alu0     |ALU1Bit_15       |     2|
|18    |    \ciclo[8].alu0     |ALU1Bit_16       |     2|
|19    |    \ciclo[9].alu0     |ALU1Bit_17       |     2|
|20    |  fileReg              |ArchivoRegistros |   106|
|21    |    \registros[0].reg  |Registro         |    32|
|22    |    \registros[1].reg  |Registro_0       |    16|
|23    |    \registros[2].reg  |Registro_1       |    16|
|24    |    \registros[3].reg  |Registro_2       |    42|
|25    |  memProg              |MemoriaPrograma2 |     6|
|26    |  stack                |Pila             |   453|
|27    |  uc                   |UnidadControl    |     8|
|28    |    niv                |Nivel            |     5|
|29    |    \reg               |RegistroBanderas |     3|
+------+-----------------------+-----------------+------+
---------------------------------------------------------------------------------
Finished Writing Synthesis Report : Time (s): cpu = 00:00:54 ; elapsed = 00:01:05 . Memory (MB): peak = 1024.188 ; gain = 0.000
---------------------------------------------------------------------------------
Synthesis finished with 0 errors, 0 critical warnings and 0 warnings.
Synthesis Optimization Runtime : Time (s): cpu = 00:00:54 ; elapsed = 00:01:05 . Memory (MB): peak = 1024.188 ; gain = 0.000
Synthesis Optimization Complete : Time (s): cpu = 00:00:54 ; elapsed = 00:01:05 . Memory (MB): peak = 1024.188 ; gain = 0.000
INFO: [Project 1-571] Translating synthesized netlist
Netlist sorting complete. Time (s): cpu = 00:00:00 ; elapsed = 00:00:00.028 . Memory (MB): peak = 1024.188 ; gain = 0.000
INFO: [Netlist 29-17] Analyzing 72 Unisim elements for replacement
INFO: [Netlist 29-28] Unisim Transformation completed in 0 CPU seconds
INFO: [Project 1-570] Preparing netlist for logic optimization
INFO: [Opt 31-138] Pushed 0 inverter(s) to 0 load pin(s).
Netlist sorting complete. Time (s): cpu = 00:00:00 ; elapsed = 00:00:00.001 . Memory (MB): peak = 1024.188 ; gain = 0.000
INFO: [Project 1-111] Unisim Transformation Summary:
  A total of 64 instances were transformed.
  RAM256X1S => RAM256X1S (MUXF7(x2), MUXF8, RAMS64E(x4)): 64 instances

INFO: [Common 17-83] Releasing license: Synthesis
127 Infos, 0 Warnings, 0 Critical Warnings and 0 Errors encountered.
synth_design completed successfully
synth_design: Time (s): cpu = 00:01:03 ; elapsed = 00:01:17 . Memory (MB): peak = 1024.188 ; gain = 0.000
INFO: [Common 17-1381] The checkpoint 'C:/Users/ERNESTO/Documents/DANIEL/IPN/ESCOM/Quinto_Semestre/ARQUI/ESCOMips/ESCOMips.runs/synth_1/ESCOMips.dcp' has been generated.
INFO: [runtcl-4] Executing : report_utilization -file ESCOMips_utilization_synth.rpt -pb ESCOMips_utilization_synth.pb
INFO: [Common 17-206] Exiting Vivado at Sun Dec 19 22:02:57 2021...
